<?xml version="1.0" encoding="UTF-8"?>
<!-- Generated by org.testng.reporters.JUnitReportReporter -->
<testsuite hostname="LAPTOP-R5NV1QLO" failures="0" tests="1" name="practice.March27.LoginTest" time="7.787" errors="0" timestamp="2022-03-27T22:32:32 EDT" skipped="0">
  <testcase classname="practice.March27.LoginTest" name="userlogin" time="7.787"/>
  <system-out/>
</testsuite> <!-- practice.March27.LoginTest -->
