<?xml version="1.0" encoding="UTF-8"?>
<!-- Generated by org.testng.reporters.JUnitReportReporter -->
<testsuite hostname="LAPTOP-R5NV1QLO" failures="0" tests="1" name="practice.March27.AppTest" time="0.014" errors="0" timestamp="2022-03-27T22:32:33 EDT" skipped="0">
  <testcase classname="practice.March27.AppTest" name="shouldAnswerWithTrue" time="0.014"/>
  <system-out/>
</testsuite> <!-- practice.March27.AppTest -->
