<?xml version="1.0" encoding="UTF-8"?>
<!-- Generated by org.testng.reporters.JUnitReportReporter -->
<testsuite hostname="LAPTOP-R5NV1QLO" failures="0" tests="1" name="practice.March27.LandingTest" time="5.959" errors="0" timestamp="2022-04-10T16:11:06 EDT" skipped="0">
  <testcase classname="practice.March27.LandingTest" name="Creditapp" time="5.959"/>
  <system-out/>
</testsuite> <!-- practice.March27.LandingTest -->
